0 info it worked if it ends with ok
1 verbose cli [ 'c:\\Program Files\\nodejs\\node.exe',
1 verbose cli   'c:\\Program Files\\nodejs\\node_modules\\npm\\bin\\npm-cli.js',
1 verbose cli   'run',
1 verbose cli   'example' ]
2 info using npm@3.10.9
3 info using node@v7.1.0
4 verbose run-script [ 'preexample', 'example', 'postexample' ]
5 info lifecycle vpui@0.0.1~preexample: vpui@0.0.1
6 silly lifecycle vpui@0.0.1~preexample: no script for preexample, continuing
7 info lifecycle vpui@0.0.1~example: vpui@0.0.1
8 verbose lifecycle vpui@0.0.1~example: unsafe-perm in lifecycle true
9 verbose lifecycle vpui@0.0.1~example: PATH: c:\Program Files\nodejs\node_modules\npm\bin\node-gyp-bin;d:\team\vp\node_modules\.bin;d:\Users\ex-dongxingsan233\bin;.;C:\Program Files (x86)\Git\local\bin;C:\Program Files (x86)\Git\mingw\bin;C:\Program Files (x86)\Git\bin;c:\ProgramData\Oracle\Java\javapath;c:\windows\system32;c:\windows;c:\windows\System32\Wbem;c:\windows\System32\WindowsPowerShell\v1.0\;c:\Program Files (x86)\Enterprise Vault\EVClient\;c:\Program Files (x86)\ATT\Graphviz\bin;c:\Program Files (x86)\ATT\Graphviz\bin\tools;c:\Program Files (x86)\Windows Imaging\;c:\Program Files\nodejs\;d:\php-5.6.10-nts-Win32-VC11-x64;d:\Users\ex-dongxingsan233\AppData\Roaming\npm;d:\exe;d:\Users\ex-dongxingsan233\AppData\Roaming\npm;.
10 verbose lifecycle vpui@0.0.1~example: CWD: d:\team\vp
11 silly lifecycle vpui@0.0.1~example: Args: [ '/d /s /c', 'npm install 2>&1 & cd examples & webpack' ]
12 verbose stack Error: kill ENOSYS
12 verbose stack     at exports._errnoException (util.js:1022:11)
12 verbose stack     at process.kill (internal/process.js:173:13)
12 verbose stack     at process.listener (c:\Program Files\nodejs\node_modules\npm\node_modules\npmlog\node_modules\gauge\node_modules\signal-exit\index.js:86:15)
12 verbose stack     at emitNone (events.js:91:20)
12 verbose stack     at process.emit (events.js:185:7)
12 verbose stack     at processEmit (c:\Program Files\nodejs\node_modules\npm\node_modules\npmlog\node_modules\gauge\node_modules\signal-exit\index.js:146:32)
12 verbose stack     at processEmit (c:\Program Files\nodejs\node_modules\npm\node_modules\npm-registry-client\node_modules\npmlog\node_modules\gauge\node_modules\signal-exit\index.js:146:32)
12 verbose stack     at Signal.wrap.onsignal (internal/process.js:200:44)
13 verbose cwd d:\team\vp
14 error Windows_NT 6.1.7601
15 error argv "c:\\Program Files\\nodejs\\node.exe" "c:\\Program Files\\nodejs\\node_modules\\npm\\bin\\npm-cli.js" "run" "example"
16 error node v7.1.0
17 error npm  v3.10.9
18 error code ENOSYS
19 error errno ENOSYS
20 error syscall kill
21 error kill ENOSYS
22 error If you need help, you may report this error at:
22 error     <https://github.com/npm/npm/issues>
23 verbose exit [ 1, true ]
